2021-02-12 12:17:01.513  INFO 21092 --- [main] c.s.s.SpringbootBackendApplication       : Starting SpringbootBackendApplication using Java 15.0.1 on DESKTOP-P8B292R with PID 21092 (C:\Users\ALPHA\SpringBootProjects\springboot-backend\target\classes started by ALPHA in C:\Users\ALPHA\SpringBootProjects\springboot-backend)
2021-02-12 12:17:01.519  INFO 21092 --- [main] c.s.s.SpringbootBackendApplication       : The following profiles are active: prod
2021-02-12 12:17:02.500  INFO 21092 --- [main] .s.d.r.c.RepositoryConfigurationDelegate : Multiple Spring Data modules found, entering strict repository configuration mode!
2021-02-12 12:17:02.502  INFO 21092 --- [main] .s.d.r.c.RepositoryConfigurationDelegate : Bootstrapping Spring Data JDBC repositories in DEFAULT mode.
2021-02-12 12:17:03.096  INFO 21092 --- [main] .RepositoryConfigurationExtensionSupport : Spring Data JDBC - Could not safely identify store assignment for repository candidate interface com.springbootapp.springboot.dao.UserRepository. If you want this repository to be a JDBC repository, consider annotating your entities with one of these annotations: org.springframework.data.relational.core.mapping.Table.
2021-02-12 12:17:03.098  INFO 21092 --- [main] .s.d.r.c.RepositoryConfigurationDelegate : Finished Spring Data repository scanning in 63 ms. Found 0 JDBC repository interfaces.
2021-02-12 12:17:03.112  INFO 21092 --- [main] .s.d.r.c.RepositoryConfigurationDelegate : Multiple Spring Data modules found, entering strict repository configuration mode!
2021-02-12 12:17:03.115  INFO 21092 --- [main] .s.d.r.c.RepositoryConfigurationDelegate : Bootstrapping Spring Data JPA repositories in DEFAULT mode.
2021-02-12 12:17:03.168  INFO 21092 --- [main] .s.d.r.c.RepositoryConfigurationDelegate : Finished Spring Data repository scanning in 44 ms. Found 1 JPA repository interfaces.
2021-02-12 12:17:04.048  INFO 21092 --- [main] o.s.b.w.embedded.tomcat.TomcatWebServer  : Tomcat initialized with port(s): 8082 (http)
2021-02-12 12:17:04.060  INFO 21092 --- [main] o.apache.catalina.core.StandardService   : Starting service [Tomcat]
2021-02-12 12:17:04.061  INFO 21092 --- [main] org.apache.catalina.core.StandardEngine  : Starting Servlet engine: [Apache Tomcat/9.0.41]
2021-02-12 12:17:04.576  INFO 21092 --- [main] org.apache.jasper.servlet.TldScanner     : At least one JAR was scanned for TLDs yet contained no TLDs. Enable debug logging for this logger for a complete list of JARs that were scanned but no TLDs were found in them. Skipping unneeded JARs during scanning can improve startup time and JSP compilation time.
2021-02-12 12:17:04.595  INFO 21092 --- [main] o.a.c.c.C.[Tomcat].[localhost].[/]       : Initializing Spring embedded WebApplicationContext
2021-02-12 12:17:04.596  INFO 21092 --- [main] w.s.c.ServletWebServerApplicationContext : Root WebApplicationContext: initialization completed in 2990 ms
2021-02-12 12:17:05.069  INFO 21092 --- [main] o.hibernate.jpa.internal.util.LogHelper  : HHH000204: Processing PersistenceUnitInfo [name: default]
2021-02-12 12:17:05.165  INFO 21092 --- [main] org.hibernate.Version                    : HHH000412: Hibernate ORM core version 5.4.27.Final
2021-02-12 12:17:05.420  INFO 21092 --- [main] o.hibernate.annotations.common.Version   : HCANN000001: Hibernate Commons Annotations {5.1.2.Final}
2021-02-12 12:17:05.597  INFO 21092 --- [main] com.zaxxer.hikari.HikariDataSource       : HikariPool-1 - Starting...
2021-02-12 12:17:06.106  INFO 21092 --- [main] com.zaxxer.hikari.HikariDataSource       : HikariPool-1 - Start completed.
2021-02-12 12:17:06.146  INFO 21092 --- [main] org.hibernate.dialect.Dialect            : HHH000400: Using dialect: org.hibernate.dialect.SQLServer2012Dialect
2021-02-12 12:17:11.042  INFO 21092 --- [main] o.h.e.t.j.p.i.JtaPlatformInitiator       : HHH000490: Using JtaPlatform implementation: [org.hibernate.engine.transaction.jta.platform.internal.NoJtaPlatform]
2021-02-12 12:17:11.056  INFO 21092 --- [main] j.LocalContainerEntityManagerFactoryBean : Initialized JPA EntityManagerFactory for persistence unit 'default'
2021-02-12 12:17:11.422  WARN 21092 --- [main] JpaBaseConfiguration$JpaWebConfiguration : spring.jpa.open-in-view is enabled by default. Therefore, database queries may be performed during view rendering. Explicitly configure spring.jpa.open-in-view to disable this warning
2021-02-12 12:17:11.536  INFO 21092 --- [main] o.s.s.concurrent.ThreadPoolTaskExecutor  : Initializing ExecutorService 'applicationTaskExecutor'
2021-02-12 12:17:11.884  INFO 21092 --- [main] o.s.b.w.embedded.tomcat.TomcatWebServer  : Tomcat started on port(s): 8082 (http) with context path ''
2021-02-12 12:17:11.894  INFO 21092 --- [main] c.s.s.SpringbootBackendApplication       : Started SpringbootBackendApplication in 11.271 seconds (JVM running for 12.822)
2021-02-12 12:21:39.228  INFO 25712 --- [main] c.s.s.SpringbootBackendApplication       : Starting SpringbootBackendApplication using Java 15.0.1 on DESKTOP-P8B292R with PID 25712 (C:\Users\ALPHA\SpringBootProjects\springboot-backend\target\classes started by ALPHA in C:\Users\ALPHA\SpringBootProjects\springboot-backend)
2021-02-12 12:21:39.232  INFO 25712 --- [main] c.s.s.SpringbootBackendApplication       : The following profiles are active: prod
2021-02-12 12:21:40.022  INFO 25712 --- [main] .s.d.r.c.RepositoryConfigurationDelegate : Multiple Spring Data modules found, entering strict repository configuration mode!
2021-02-12 12:21:40.025  INFO 25712 --- [main] .s.d.r.c.RepositoryConfigurationDelegate : Bootstrapping Spring Data JDBC repositories in DEFAULT mode.
2021-02-12 12:21:40.060  INFO 25712 --- [main] .RepositoryConfigurationExtensionSupport : Spring Data JDBC - Could not safely identify store assignment for repository candidate interface com.springbootapp.springboot.dao.UserRepository. If you want this repository to be a JDBC repository, consider annotating your entities with one of these annotations: org.springframework.data.relational.core.mapping.Table.
2021-02-12 12:21:40.061  INFO 25712 --- [main] .s.d.r.c.RepositoryConfigurationDelegate : Finished Spring Data repository scanning in 31 ms. Found 0 JDBC repository interfaces.
2021-02-12 12:21:40.071  INFO 25712 --- [main] .s.d.r.c.RepositoryConfigurationDelegate : Multiple Spring Data modules found, entering strict repository configuration mode!
2021-02-12 12:21:40.073  INFO 25712 --- [main] .s.d.r.c.RepositoryConfigurationDelegate : Bootstrapping Spring Data JPA repositories in DEFAULT mode.
2021-02-12 12:21:40.112  INFO 25712 --- [main] .s.d.r.c.RepositoryConfigurationDelegate : Finished Spring Data repository scanning in 31 ms. Found 1 JPA repository interfaces.
2021-02-12 12:21:40.695  INFO 25712 --- [main] o.s.b.w.embedded.tomcat.TomcatWebServer  : Tomcat initialized with port(s): 8082 (http)
2021-02-12 12:21:40.705  INFO 25712 --- [main] o.apache.catalina.core.StandardService   : Starting service [Tomcat]
2021-02-12 12:21:40.706  INFO 25712 --- [main] org.apache.catalina.core.StandardEngine  : Starting Servlet engine: [Apache Tomcat/9.0.41]
2021-02-12 12:21:41.054  INFO 25712 --- [main] org.apache.jasper.servlet.TldScanner     : At least one JAR was scanned for TLDs yet contained no TLDs. Enable debug logging for this logger for a complete list of JARs that were scanned but no TLDs were found in them. Skipping unneeded JARs during scanning can improve startup time and JSP compilation time.
2021-02-12 12:21:41.065  INFO 25712 --- [main] o.a.c.c.C.[Tomcat].[localhost].[/]       : Initializing Spring embedded WebApplicationContext
2021-02-12 12:21:41.065  INFO 25712 --- [main] w.s.c.ServletWebServerApplicationContext : Root WebApplicationContext: initialization completed in 1782 ms
2021-02-12 12:21:41.370  INFO 25712 --- [main] o.hibernate.jpa.internal.util.LogHelper  : HHH000204: Processing PersistenceUnitInfo [name: default]
2021-02-12 12:21:41.435  INFO 25712 --- [main] org.hibernate.Version                    : HHH000412: Hibernate ORM core version 5.4.27.Final
2021-02-12 12:21:41.610  INFO 25712 --- [main] o.hibernate.annotations.common.Version   : HCANN000001: Hibernate Commons Annotations {5.1.2.Final}
2021-02-12 12:21:41.740  INFO 25712 --- [main] com.zaxxer.hikari.HikariDataSource       : HikariPool-1 - Starting...
2021-02-12 12:21:42.224  INFO 25712 --- [main] com.zaxxer.hikari.HikariDataSource       : HikariPool-1 - Start completed.
2021-02-12 12:21:42.302  INFO 25712 --- [main] org.hibernate.dialect.Dialect            : HHH000400: Using dialect: org.hibernate.dialect.SQLServer2012Dialect
2021-02-12 12:21:46.557  INFO 25712 --- [main] o.h.e.t.j.p.i.JtaPlatformInitiator       : HHH000490: Using JtaPlatform implementation: [org.hibernate.engine.transaction.jta.platform.internal.NoJtaPlatform]
2021-02-12 12:21:46.571  INFO 25712 --- [main] j.LocalContainerEntityManagerFactoryBean : Initialized JPA EntityManagerFactory for persistence unit 'default'
2021-02-12 12:21:46.965  WARN 25712 --- [main] JpaBaseConfiguration$JpaWebConfiguration : spring.jpa.open-in-view is enabled by default. Therefore, database queries may be performed during view rendering. Explicitly configure spring.jpa.open-in-view to disable this warning
2021-02-12 12:21:47.079  INFO 25712 --- [main] o.s.s.concurrent.ThreadPoolTaskExecutor  : Initializing ExecutorService 'applicationTaskExecutor'
2021-02-12 12:21:47.454  INFO 25712 --- [main] o.s.b.w.embedded.tomcat.TomcatWebServer  : Tomcat started on port(s): 8082 (http) with context path ''
2021-02-12 12:21:47.464  INFO 25712 --- [main] c.s.s.SpringbootBackendApplication       : Started SpringbootBackendApplication in 8.731 seconds (JVM running for 9.927)
2021-02-12 12:21:58.275  INFO 25712 --- [http-nio-8082-exec-1] o.a.c.c.C.[Tomcat].[localhost].[/]       : Initializing Spring DispatcherServlet 'dispatcherServlet'
2021-02-12 12:21:58.275  INFO 25712 --- [http-nio-8082-exec-1] o.s.web.servlet.DispatcherServlet        : Initializing Servlet 'dispatcherServlet'
2021-02-12 12:21:58.276  INFO 25712 --- [http-nio-8082-exec-1] o.s.web.servlet.DispatcherServlet        : Completed initialization in 1 ms
