2021-02-27 11:25:49.710  INFO 26952 --- [main] c.s.s.SpringbootBackendApplication       : Starting SpringbootBackendApplication using Java 15.0.1 on DESKTOP-P8B292R with PID 26952 (C:\Users\ALPHA\SpringBootProjects\springboot-backend\target\classes started by ALPHA in C:\Users\ALPHA\SpringBootProjects\springboot-backend)
2021-02-27 11:25:49.721  INFO 26952 --- [main] c.s.s.SpringbootBackendApplication       : No active profile set, falling back to default profiles: default
2021-02-27 11:25:52.736  INFO 26952 --- [main] .s.d.r.c.RepositoryConfigurationDelegate : Multiple Spring Data modules found, entering strict repository configuration mode!
2021-02-27 11:25:52.739  INFO 26952 --- [main] .s.d.r.c.RepositoryConfigurationDelegate : Bootstrapping Spring Data JDBC repositories in DEFAULT mode.
2021-02-27 11:25:52.870  INFO 26952 --- [main] .RepositoryConfigurationExtensionSupport : Spring Data JDBC - Could not safely identify store assignment for repository candidate interface com.springbootapp.springboot.dao.UserRepository. If you want this repository to be a JDBC repository, consider annotating your entities with one of these annotations: org.springframework.data.relational.core.mapping.Table.
2021-02-27 11:25:52.872  INFO 26952 --- [main] .s.d.r.c.RepositoryConfigurationDelegate : Finished Spring Data repository scanning in 125 ms. Found 0 JDBC repository interfaces.
2021-02-27 11:25:52.886  INFO 26952 --- [main] .s.d.r.c.RepositoryConfigurationDelegate : Multiple Spring Data modules found, entering strict repository configuration mode!
2021-02-27 11:25:52.902  INFO 26952 --- [main] .s.d.r.c.RepositoryConfigurationDelegate : Bootstrapping Spring Data JPA repositories in DEFAULT mode.
2021-02-27 11:25:52.967  INFO 26952 --- [main] .s.d.r.c.RepositoryConfigurationDelegate : Finished Spring Data repository scanning in 55 ms. Found 1 JPA repository interfaces.
2021-02-27 11:25:54.356  INFO 26952 --- [main] o.s.b.w.embedded.tomcat.TomcatWebServer  : Tomcat initialized with port(s): 8080 (http)
2021-02-27 11:25:54.403  INFO 26952 --- [main] o.apache.catalina.core.StandardService   : Starting service [Tomcat]
2021-02-27 11:25:54.403  INFO 26952 --- [main] org.apache.catalina.core.StandardEngine  : Starting Servlet engine: [Apache Tomcat/9.0.41]
2021-02-27 11:25:54.830  INFO 26952 --- [main] org.apache.jasper.servlet.TldScanner     : At least one JAR was scanned for TLDs yet contained no TLDs. Enable debug logging for this logger for a complete list of JARs that were scanned but no TLDs were found in them. Skipping unneeded JARs during scanning can improve startup time and JSP compilation time.
2021-02-27 11:25:54.841  INFO 26952 --- [main] o.a.c.c.C.[Tomcat].[localhost].[/]       : Initializing Spring embedded WebApplicationContext
2021-02-27 11:25:54.841  INFO 26952 --- [main] w.s.c.ServletWebServerApplicationContext : Root WebApplicationContext: initialization completed in 4797 ms
2021-02-27 11:25:55.613  INFO 26952 --- [main] o.hibernate.jpa.internal.util.LogHelper  : HHH000204: Processing PersistenceUnitInfo [name: default]
2021-02-27 11:25:55.878  INFO 26952 --- [main] org.hibernate.Version                    : HHH000412: Hibernate ORM core version 5.4.27.Final
2021-02-27 11:25:56.531  INFO 26952 --- [main] o.hibernate.annotations.common.Version   : HCANN000001: Hibernate Commons Annotations {5.1.2.Final}
2021-02-27 11:25:56.875  INFO 26952 --- [main] com.zaxxer.hikari.HikariDataSource       : HikariPool-1 - Starting...
2021-02-27 11:25:57.633  INFO 26952 --- [main] com.zaxxer.hikari.HikariDataSource       : HikariPool-1 - Start completed.
2021-02-27 11:25:57.748  INFO 26952 --- [main] org.hibernate.dialect.Dialect            : HHH000400: Using dialect: org.hibernate.dialect.SQLServer2012Dialect
2021-02-27 11:25:59.731  INFO 26952 --- [main] o.h.e.t.j.p.i.JtaPlatformInitiator       : HHH000490: Using JtaPlatform implementation: [org.hibernate.engine.transaction.jta.platform.internal.NoJtaPlatform]
2021-02-27 11:25:59.743  INFO 26952 --- [main] j.LocalContainerEntityManagerFactoryBean : Initialized JPA EntityManagerFactory for persistence unit 'default'
2021-02-27 11:26:00.476  WARN 26952 --- [main] JpaBaseConfiguration$JpaWebConfiguration : spring.jpa.open-in-view is enabled by default. Therefore, database queries may be performed during view rendering. Explicitly configure spring.jpa.open-in-view to disable this warning
2021-02-27 11:26:00.996  INFO 26952 --- [main] o.s.s.concurrent.ThreadPoolTaskExecutor  : Initializing ExecutorService 'applicationTaskExecutor'
2021-02-27 11:26:01.763  WARN 26952 --- [main] ConfigServletWebServerApplicationContext : Exception encountered during context initialization - cancelling refresh attempt: org.springframework.context.ApplicationContextException: Failed to start bean 'webServerStartStop'; nested exception is org.springframework.boot.web.server.PortInUseException: Port 8080 is already in use
2021-02-27 11:26:01.764  INFO 26952 --- [main] o.s.s.concurrent.ThreadPoolTaskExecutor  : Shutting down ExecutorService 'applicationTaskExecutor'
2021-02-27 11:26:01.765  INFO 26952 --- [main] j.LocalContainerEntityManagerFactoryBean : Closing JPA EntityManagerFactory for persistence unit 'default'
2021-02-27 11:26:01.769  INFO 26952 --- [main] com.zaxxer.hikari.HikariDataSource       : HikariPool-1 - Shutdown initiated...
2021-02-27 11:26:01.774  INFO 26952 --- [main] com.zaxxer.hikari.HikariDataSource       : HikariPool-1 - Shutdown completed.
2021-02-27 11:26:01.777  INFO 26952 --- [main] o.apache.catalina.core.StandardService   : Stopping service [Tomcat]
2021-02-27 11:26:01.794  INFO 26952 --- [main] ConditionEvaluationReportLoggingListener : 

Error starting ApplicationContext. To display the conditions report re-run your application with 'debug' enabled.
2021-02-27 11:26:01.845 ERROR 26952 --- [main] o.s.b.d.LoggingFailureAnalysisReporter   : 

***************************
APPLICATION FAILED TO START
***************************

Description:

Web server failed to start. Port 8080 was already in use.

Action:

Identify and stop the process that's listening on port 8080 or configure this application to listen on another port.

2021-02-27 11:26:37.715  INFO 16068 --- [main] c.s.s.SpringbootBackendApplication       : Starting SpringbootBackendApplication using Java 15.0.1 on DESKTOP-P8B292R with PID 16068 (C:\Users\ALPHA\SpringBootProjects\springboot-backend\target\classes started by ALPHA in C:\Users\ALPHA\SpringBootProjects\springboot-backend)
2021-02-27 11:26:37.719  INFO 16068 --- [main] c.s.s.SpringbootBackendApplication       : No active profile set, falling back to default profiles: default
2021-02-27 11:26:38.705  INFO 16068 --- [main] .s.d.r.c.RepositoryConfigurationDelegate : Multiple Spring Data modules found, entering strict repository configuration mode!
2021-02-27 11:26:38.707  INFO 16068 --- [main] .s.d.r.c.RepositoryConfigurationDelegate : Bootstrapping Spring Data JDBC repositories in DEFAULT mode.
2021-02-27 11:26:38.746  INFO 16068 --- [main] .RepositoryConfigurationExtensionSupport : Spring Data JDBC - Could not safely identify store assignment for repository candidate interface com.springbootapp.springboot.dao.UserRepository. If you want this repository to be a JDBC repository, consider annotating your entities with one of these annotations: org.springframework.data.relational.core.mapping.Table.
2021-02-27 11:26:38.747  INFO 16068 --- [main] .s.d.r.c.RepositoryConfigurationDelegate : Finished Spring Data repository scanning in 34 ms. Found 0 JDBC repository interfaces.
2021-02-27 11:26:38.756  INFO 16068 --- [main] .s.d.r.c.RepositoryConfigurationDelegate : Multiple Spring Data modules found, entering strict repository configuration mode!
2021-02-27 11:26:38.758  INFO 16068 --- [main] .s.d.r.c.RepositoryConfigurationDelegate : Bootstrapping Spring Data JPA repositories in DEFAULT mode.
2021-02-27 11:26:38.796  INFO 16068 --- [main] .s.d.r.c.RepositoryConfigurationDelegate : Finished Spring Data repository scanning in 31 ms. Found 1 JPA repository interfaces.
2021-02-27 11:26:39.400  INFO 16068 --- [main] o.s.b.w.embedded.tomcat.TomcatWebServer  : Tomcat initialized with port(s): 8090 (http)
2021-02-27 11:26:39.411  INFO 16068 --- [main] o.apache.catalina.core.StandardService   : Starting service [Tomcat]
2021-02-27 11:26:39.411  INFO 16068 --- [main] org.apache.catalina.core.StandardEngine  : Starting Servlet engine: [Apache Tomcat/9.0.41]
2021-02-27 11:26:39.744  INFO 16068 --- [main] org.apache.jasper.servlet.TldScanner     : At least one JAR was scanned for TLDs yet contained no TLDs. Enable debug logging for this logger for a complete list of JARs that were scanned but no TLDs were found in them. Skipping unneeded JARs during scanning can improve startup time and JSP compilation time.
2021-02-27 11:26:39.755  INFO 16068 --- [main] o.a.c.c.C.[Tomcat].[localhost].[/]       : Initializing Spring embedded WebApplicationContext
2021-02-27 11:26:39.755  INFO 16068 --- [main] w.s.c.ServletWebServerApplicationContext : Root WebApplicationContext: initialization completed in 1939 ms
2021-02-27 11:26:40.109  INFO 16068 --- [main] o.hibernate.jpa.internal.util.LogHelper  : HHH000204: Processing PersistenceUnitInfo [name: default]
2021-02-27 11:26:40.194  INFO 16068 --- [main] org.hibernate.Version                    : HHH000412: Hibernate ORM core version 5.4.27.Final
2021-02-27 11:26:40.407  INFO 16068 --- [main] o.hibernate.annotations.common.Version   : HCANN000001: Hibernate Commons Annotations {5.1.2.Final}
2021-02-27 11:26:40.559  INFO 16068 --- [main] com.zaxxer.hikari.HikariDataSource       : HikariPool-1 - Starting...
2021-02-27 11:26:41.013  INFO 16068 --- [main] com.zaxxer.hikari.HikariDataSource       : HikariPool-1 - Start completed.
2021-02-27 11:26:41.092  INFO 16068 --- [main] org.hibernate.dialect.Dialect            : HHH000400: Using dialect: org.hibernate.dialect.SQLServer2012Dialect
2021-02-27 11:26:42.660  INFO 16068 --- [main] o.h.e.t.j.p.i.JtaPlatformInitiator       : HHH000490: Using JtaPlatform implementation: [org.hibernate.engine.transaction.jta.platform.internal.NoJtaPlatform]
2021-02-27 11:26:42.680  INFO 16068 --- [main] j.LocalContainerEntityManagerFactoryBean : Initialized JPA EntityManagerFactory for persistence unit 'default'
2021-02-27 11:26:43.053  WARN 16068 --- [main] JpaBaseConfiguration$JpaWebConfiguration : spring.jpa.open-in-view is enabled by default. Therefore, database queries may be performed during view rendering. Explicitly configure spring.jpa.open-in-view to disable this warning
2021-02-27 11:26:43.171  INFO 16068 --- [main] o.s.s.concurrent.ThreadPoolTaskExecutor  : Initializing ExecutorService 'applicationTaskExecutor'
2021-02-27 11:26:43.517  INFO 16068 --- [main] o.s.b.w.embedded.tomcat.TomcatWebServer  : Tomcat started on port(s): 8090 (http) with context path ''
2021-02-27 11:26:43.537  INFO 16068 --- [main] c.s.s.SpringbootBackendApplication       : Started SpringbootBackendApplication in 6.301 seconds (JVM running for 7.268)
2021-02-27 11:26:59.688  INFO 16068 --- [RMI TCP Connection(2)-127.0.0.1] inMXBeanRegistrar$SpringApplicationAdmin : Application shutdown requested.
2021-02-27 11:26:59.961  INFO 16068 --- [RMI TCP Connection(2)-127.0.0.1] o.s.s.concurrent.ThreadPoolTaskExecutor  : Shutting down ExecutorService 'applicationTaskExecutor'
2021-02-27 11:26:59.963  INFO 16068 --- [RMI TCP Connection(2)-127.0.0.1] j.LocalContainerEntityManagerFactoryBean : Closing JPA EntityManagerFactory for persistence unit 'default'
2021-02-27 11:26:59.971  INFO 16068 --- [RMI TCP Connection(2)-127.0.0.1] com.zaxxer.hikari.HikariDataSource       : HikariPool-1 - Shutdown initiated...
2021-02-27 11:26:59.976  INFO 16068 --- [RMI TCP Connection(2)-127.0.0.1] com.zaxxer.hikari.HikariDataSource       : HikariPool-1 - Shutdown completed.
2021-02-27 12:10:08.160  INFO 25760 --- [main] c.s.s.SpringbootBackendApplication       : Starting SpringbootBackendApplication using Java 15.0.1 on DESKTOP-P8B292R with PID 25760 (C:\Users\ALPHA\SpringBootProjects\springboot-backend\target\classes started by ALPHA in C:\Users\ALPHA\SpringBootProjects\springboot-backend)
2021-02-27 12:10:08.182  INFO 25760 --- [main] c.s.s.SpringbootBackendApplication       : No active profile set, falling back to default profiles: default
2021-02-27 12:10:09.977  INFO 25760 --- [main] .s.d.r.c.RepositoryConfigurationDelegate : Multiple Spring Data modules found, entering strict repository configuration mode!
2021-02-27 12:10:09.982  INFO 25760 --- [main] .s.d.r.c.RepositoryConfigurationDelegate : Bootstrapping Spring Data JDBC repositories in DEFAULT mode.
2021-02-27 12:10:10.072  INFO 25760 --- [main] .RepositoryConfigurationExtensionSupport : Spring Data JDBC - Could not safely identify store assignment for repository candidate interface com.springbootapp.springboot.dao.UserRepository. If you want this repository to be a JDBC repository, consider annotating your entities with one of these annotations: org.springframework.data.relational.core.mapping.Table.
2021-02-27 12:10:10.074  INFO 25760 --- [main] .s.d.r.c.RepositoryConfigurationDelegate : Finished Spring Data repository scanning in 82 ms. Found 0 JDBC repository interfaces.
2021-02-27 12:10:10.093  INFO 25760 --- [main] .s.d.r.c.RepositoryConfigurationDelegate : Multiple Spring Data modules found, entering strict repository configuration mode!
2021-02-27 12:10:10.096  INFO 25760 --- [main] .s.d.r.c.RepositoryConfigurationDelegate : Bootstrapping Spring Data JPA repositories in DEFAULT mode.
2021-02-27 12:10:10.178  INFO 25760 --- [main] .s.d.r.c.RepositoryConfigurationDelegate : Finished Spring Data repository scanning in 68 ms. Found 1 JPA repository interfaces.
2021-02-27 12:10:11.430  INFO 25760 --- [main] o.s.b.w.embedded.tomcat.TomcatWebServer  : Tomcat initialized with port(s): 8090 (http)
2021-02-27 12:10:11.458  INFO 25760 --- [main] o.apache.catalina.core.StandardService   : Starting service [Tomcat]
2021-02-27 12:10:11.460  INFO 25760 --- [main] org.apache.catalina.core.StandardEngine  : Starting Servlet engine: [Apache Tomcat/9.0.41]
2021-02-27 12:10:12.203  INFO 25760 --- [main] org.apache.jasper.servlet.TldScanner     : At least one JAR was scanned for TLDs yet contained no TLDs. Enable debug logging for this logger for a complete list of JARs that were scanned but no TLDs were found in them. Skipping unneeded JARs during scanning can improve startup time and JSP compilation time.
2021-02-27 12:10:12.223  INFO 25760 --- [main] o.a.c.c.C.[Tomcat].[localhost].[/]       : Initializing Spring embedded WebApplicationContext
2021-02-27 12:10:12.224  INFO 25760 --- [main] w.s.c.ServletWebServerApplicationContext : Root WebApplicationContext: initialization completed in 3869 ms
2021-02-27 12:10:13.136  INFO 25760 --- [main] o.hibernate.jpa.internal.util.LogHelper  : HHH000204: Processing PersistenceUnitInfo [name: default]
2021-02-27 12:10:13.413  INFO 25760 --- [main] org.hibernate.Version                    : HHH000412: Hibernate ORM core version 5.4.27.Final
2021-02-27 12:10:14.250  INFO 25760 --- [main] o.hibernate.annotations.common.Version   : HCANN000001: Hibernate Commons Annotations {5.1.2.Final}
2021-02-27 12:10:14.704  INFO 25760 --- [main] com.zaxxer.hikari.HikariDataSource       : HikariPool-1 - Starting...
2021-02-27 12:10:15.484  INFO 25760 --- [main] com.zaxxer.hikari.HikariDataSource       : HikariPool-1 - Start completed.
2021-02-27 12:10:15.615  INFO 25760 --- [main] org.hibernate.dialect.Dialect            : HHH000400: Using dialect: org.hibernate.dialect.SQLServer2012Dialect
2021-02-27 12:10:22.977  INFO 25760 --- [main] o.h.e.t.j.p.i.JtaPlatformInitiator       : HHH000490: Using JtaPlatform implementation: [org.hibernate.engine.transaction.jta.platform.internal.NoJtaPlatform]
2021-02-27 12:10:23.023  INFO 25760 --- [main] j.LocalContainerEntityManagerFactoryBean : Initialized JPA EntityManagerFactory for persistence unit 'default'
2021-02-27 12:10:23.726  WARN 25760 --- [main] JpaBaseConfiguration$JpaWebConfiguration : spring.jpa.open-in-view is enabled by default. Therefore, database queries may be performed during view rendering. Explicitly configure spring.jpa.open-in-view to disable this warning
2021-02-27 12:10:23.922  INFO 25760 --- [main] o.s.s.concurrent.ThreadPoolTaskExecutor  : Initializing ExecutorService 'applicationTaskExecutor'
2021-02-27 12:10:24.530  INFO 25760 --- [main] o.s.b.w.embedded.tomcat.TomcatWebServer  : Tomcat started on port(s): 8090 (http) with context path ''
2021-02-27 12:10:24.568  INFO 25760 --- [main] c.s.s.SpringbootBackendApplication       : Started SpringbootBackendApplication in 17.325 seconds (JVM running for 19.374)
2021-02-27 12:10:51.664  INFO 25760 --- [http-nio-8090-exec-1] o.a.c.c.C.[Tomcat].[localhost].[/]       : Initializing Spring DispatcherServlet 'dispatcherServlet'
2021-02-27 12:10:51.665  INFO 25760 --- [http-nio-8090-exec-1] o.s.web.servlet.DispatcherServlet        : Initializing Servlet 'dispatcherServlet'
2021-02-27 12:10:51.667  INFO 25760 --- [http-nio-8090-exec-1] o.s.web.servlet.DispatcherServlet        : Completed initialization in 2 ms
2021-02-27 12:23:45.075  INFO 26472 --- [main] c.s.s.SpringbootBackendApplication       : Starting SpringbootBackendApplication using Java 15.0.1 on DESKTOP-P8B292R with PID 26472 (C:\Users\ALPHA\SpringBootProjects\springboot-backend\target\classes started by ALPHA in C:\Users\ALPHA\SpringBootProjects\springboot-backend)
2021-02-27 12:23:45.082  INFO 26472 --- [main] c.s.s.SpringbootBackendApplication       : No active profile set, falling back to default profiles: default
2021-02-27 12:23:47.175  INFO 26472 --- [main] .s.d.r.c.RepositoryConfigurationDelegate : Multiple Spring Data modules found, entering strict repository configuration mode!
2021-02-27 12:23:47.179  INFO 26472 --- [main] .s.d.r.c.RepositoryConfigurationDelegate : Bootstrapping Spring Data JDBC repositories in DEFAULT mode.
2021-02-27 12:23:47.228  INFO 26472 --- [main] .RepositoryConfigurationExtensionSupport : Spring Data JDBC - Could not safely identify store assignment for repository candidate interface com.springbootapp.springboot.dao.UserRepository. If you want this repository to be a JDBC repository, consider annotating your entities with one of these annotations: org.springframework.data.relational.core.mapping.Table.
2021-02-27 12:23:47.232  INFO 26472 --- [main] .s.d.r.c.RepositoryConfigurationDelegate : Finished Spring Data repository scanning in 43 ms. Found 0 JDBC repository interfaces.
2021-02-27 12:23:47.245  INFO 26472 --- [main] .s.d.r.c.RepositoryConfigurationDelegate : Multiple Spring Data modules found, entering strict repository configuration mode!
2021-02-27 12:23:47.247  INFO 26472 --- [main] .s.d.r.c.RepositoryConfigurationDelegate : Bootstrapping Spring Data JPA repositories in DEFAULT mode.
2021-02-27 12:23:47.298  INFO 26472 --- [main] .s.d.r.c.RepositoryConfigurationDelegate : Finished Spring Data repository scanning in 43 ms. Found 1 JPA repository interfaces.
2021-02-27 12:23:48.785  INFO 26472 --- [main] o.s.b.w.embedded.tomcat.TomcatWebServer  : Tomcat initialized with port(s): 8090 (http)
2021-02-27 12:23:48.838  INFO 26472 --- [main] o.apache.catalina.core.StandardService   : Starting service [Tomcat]
2021-02-27 12:23:48.839  INFO 26472 --- [main] org.apache.catalina.core.StandardEngine  : Starting Servlet engine: [Apache Tomcat/9.0.41]
2021-02-27 12:23:49.799  INFO 26472 --- [main] org.apache.jasper.servlet.TldScanner     : At least one JAR was scanned for TLDs yet contained no TLDs. Enable debug logging for this logger for a complete list of JARs that were scanned but no TLDs were found in them. Skipping unneeded JARs during scanning can improve startup time and JSP compilation time.
2021-02-27 12:23:49.812  INFO 26472 --- [main] o.a.c.c.C.[Tomcat].[localhost].[/]       : Initializing Spring embedded WebApplicationContext
2021-02-27 12:23:49.813  INFO 26472 --- [main] w.s.c.ServletWebServerApplicationContext : Root WebApplicationContext: initialization completed in 4609 ms
2021-02-27 12:23:50.371  INFO 26472 --- [main] o.hibernate.jpa.internal.util.LogHelper  : HHH000204: Processing PersistenceUnitInfo [name: default]
2021-02-27 12:23:50.485  INFO 26472 --- [main] org.hibernate.Version                    : HHH000412: Hibernate ORM core version 5.4.27.Final
2021-02-27 12:23:50.774  INFO 26472 --- [main] o.hibernate.annotations.common.Version   : HCANN000001: Hibernate Commons Annotations {5.1.2.Final}
2021-02-27 12:23:50.991  INFO 26472 --- [main] com.zaxxer.hikari.HikariDataSource       : HikariPool-1 - Starting...
2021-02-27 12:23:51.920  INFO 26472 --- [main] com.zaxxer.hikari.HikariDataSource       : HikariPool-1 - Start completed.
2021-02-27 12:23:52.005  INFO 26472 --- [main] org.hibernate.dialect.Dialect            : HHH000400: Using dialect: org.hibernate.dialect.SQLServer2012Dialect
2021-02-27 12:23:56.982  INFO 26472 --- [main] o.h.e.t.j.p.i.JtaPlatformInitiator       : HHH000490: Using JtaPlatform implementation: [org.hibernate.engine.transaction.jta.platform.internal.NoJtaPlatform]
2021-02-27 12:23:57.009  INFO 26472 --- [main] j.LocalContainerEntityManagerFactoryBean : Initialized JPA EntityManagerFactory for persistence unit 'default'
2021-02-27 12:23:57.650  WARN 26472 --- [main] JpaBaseConfiguration$JpaWebConfiguration : spring.jpa.open-in-view is enabled by default. Therefore, database queries may be performed during view rendering. Explicitly configure spring.jpa.open-in-view to disable this warning
2021-02-27 12:23:57.824  INFO 26472 --- [main] o.s.s.concurrent.ThreadPoolTaskExecutor  : Initializing ExecutorService 'applicationTaskExecutor'
2021-02-27 12:23:58.262  WARN 26472 --- [main] ConfigServletWebServerApplicationContext : Exception encountered during context initialization - cancelling refresh attempt: org.springframework.context.ApplicationContextException: Failed to start bean 'webServerStartStop'; nested exception is org.springframework.boot.web.server.PortInUseException: Port 8090 is already in use
2021-02-27 12:23:58.263  INFO 26472 --- [main] o.s.s.concurrent.ThreadPoolTaskExecutor  : Shutting down ExecutorService 'applicationTaskExecutor'
2021-02-27 12:23:58.264  INFO 26472 --- [main] j.LocalContainerEntityManagerFactoryBean : Closing JPA EntityManagerFactory for persistence unit 'default'
2021-02-27 12:23:58.268  INFO 26472 --- [main] com.zaxxer.hikari.HikariDataSource       : HikariPool-1 - Shutdown initiated...
2021-02-27 12:23:58.271  INFO 26472 --- [main] com.zaxxer.hikari.HikariDataSource       : HikariPool-1 - Shutdown completed.
2021-02-27 12:23:58.274  INFO 26472 --- [main] o.apache.catalina.core.StandardService   : Stopping service [Tomcat]
2021-02-27 12:23:58.295  INFO 26472 --- [main] ConditionEvaluationReportLoggingListener : 

Error starting ApplicationContext. To display the conditions report re-run your application with 'debug' enabled.
2021-02-27 12:23:58.333 ERROR 26472 --- [main] o.s.b.d.LoggingFailureAnalysisReporter   : 

***************************
APPLICATION FAILED TO START
***************************

Description:

Web server failed to start. Port 8090 was already in use.

Action:

Identify and stop the process that's listening on port 8090 or configure this application to listen on another port.

2021-02-27 12:26:03.718  INFO 13556 --- [main] c.s.s.SpringbootBackendApplication       : Starting SpringbootBackendApplication using Java 15.0.1 on DESKTOP-P8B292R with PID 13556 (C:\Users\ALPHA\SpringBootProjects\springboot-backend\target\classes started by ALPHA in C:\Users\ALPHA\SpringBootProjects\springboot-backend)
2021-02-27 12:26:03.728  INFO 13556 --- [main] c.s.s.SpringbootBackendApplication       : No active profile set, falling back to default profiles: default
2021-02-27 12:26:05.024  INFO 13556 --- [main] .s.d.r.c.RepositoryConfigurationDelegate : Multiple Spring Data modules found, entering strict repository configuration mode!
2021-02-27 12:26:05.028  INFO 13556 --- [main] .s.d.r.c.RepositoryConfigurationDelegate : Bootstrapping Spring Data JDBC repositories in DEFAULT mode.
2021-02-27 12:26:05.082  INFO 13556 --- [main] .RepositoryConfigurationExtensionSupport : Spring Data JDBC - Could not safely identify store assignment for repository candidate interface com.springbootapp.springboot.dao.UserRepository. If you want this repository to be a JDBC repository, consider annotating your entities with one of these annotations: org.springframework.data.relational.core.mapping.Table.
2021-02-27 12:26:05.084  INFO 13556 --- [main] .s.d.r.c.RepositoryConfigurationDelegate : Finished Spring Data repository scanning in 49 ms. Found 0 JDBC repository interfaces.
2021-02-27 12:26:05.098  INFO 13556 --- [main] .s.d.r.c.RepositoryConfigurationDelegate : Multiple Spring Data modules found, entering strict repository configuration mode!
2021-02-27 12:26:05.100  INFO 13556 --- [main] .s.d.r.c.RepositoryConfigurationDelegate : Bootstrapping Spring Data JPA repositories in DEFAULT mode.
2021-02-27 12:26:05.167  INFO 13556 --- [main] .s.d.r.c.RepositoryConfigurationDelegate : Finished Spring Data repository scanning in 56 ms. Found 1 JPA repository interfaces.
2021-02-27 12:26:06.062  INFO 13556 --- [main] o.s.b.w.embedded.tomcat.TomcatWebServer  : Tomcat initialized with port(s): 8095 (http)
2021-02-27 12:26:06.078  INFO 13556 --- [main] o.apache.catalina.core.StandardService   : Starting service [Tomcat]
2021-02-27 12:26:06.079  INFO 13556 --- [main] org.apache.catalina.core.StandardEngine  : Starting Servlet engine: [Apache Tomcat/9.0.41]
2021-02-27 12:26:06.624  INFO 13556 --- [main] org.apache.jasper.servlet.TldScanner     : At least one JAR was scanned for TLDs yet contained no TLDs. Enable debug logging for this logger for a complete list of JARs that were scanned but no TLDs were found in them. Skipping unneeded JARs during scanning can improve startup time and JSP compilation time.
2021-02-27 12:26:06.641  INFO 13556 --- [main] o.a.c.c.C.[Tomcat].[localhost].[/]       : Initializing Spring embedded WebApplicationContext
2021-02-27 12:26:06.642  INFO 13556 --- [main] w.s.c.ServletWebServerApplicationContext : Root WebApplicationContext: initialization completed in 2795 ms
2021-02-27 12:26:07.105  INFO 13556 --- [main] o.hibernate.jpa.internal.util.LogHelper  : HHH000204: Processing PersistenceUnitInfo [name: default]
2021-02-27 12:26:07.236  INFO 13556 --- [main] org.hibernate.Version                    : HHH000412: Hibernate ORM core version 5.4.27.Final
2021-02-27 12:26:07.667  INFO 13556 --- [main] o.hibernate.annotations.common.Version   : HCANN000001: Hibernate Commons Annotations {5.1.2.Final}
2021-02-27 12:26:07.971  INFO 13556 --- [main] com.zaxxer.hikari.HikariDataSource       : HikariPool-1 - Starting...
2021-02-27 12:26:08.590  INFO 13556 --- [main] com.zaxxer.hikari.HikariDataSource       : HikariPool-1 - Start completed.
2021-02-27 12:26:08.674  INFO 13556 --- [main] org.hibernate.dialect.Dialect            : HHH000400: Using dialect: org.hibernate.dialect.SQLServer2012Dialect
2021-02-27 12:26:17.487  INFO 13556 --- [main] o.h.e.t.j.p.i.JtaPlatformInitiator       : HHH000490: Using JtaPlatform implementation: [org.hibernate.engine.transaction.jta.platform.internal.NoJtaPlatform]
2021-02-27 12:26:17.529  INFO 13556 --- [main] j.LocalContainerEntityManagerFactoryBean : Initialized JPA EntityManagerFactory for persistence unit 'default'
2021-02-27 12:26:18.098  WARN 13556 --- [main] JpaBaseConfiguration$JpaWebConfiguration : spring.jpa.open-in-view is enabled by default. Therefore, database queries may be performed during view rendering. Explicitly configure spring.jpa.open-in-view to disable this warning
2021-02-27 12:26:18.279  INFO 13556 --- [main] o.s.s.concurrent.ThreadPoolTaskExecutor  : Initializing ExecutorService 'applicationTaskExecutor'
2021-02-27 12:26:18.837  INFO 13556 --- [main] o.s.b.w.embedded.tomcat.TomcatWebServer  : Tomcat started on port(s): 8095 (http) with context path ''
2021-02-27 12:26:18.861  INFO 13556 --- [main] c.s.s.SpringbootBackendApplication       : Started SpringbootBackendApplication in 16.093 seconds (JVM running for 18.2)
2021-02-27 12:31:00.826  INFO 13556 --- [http-nio-8095-exec-1] o.a.c.c.C.[Tomcat].[localhost].[/]       : Initializing Spring DispatcherServlet 'dispatcherServlet'
2021-02-27 12:31:00.827  INFO 13556 --- [http-nio-8095-exec-1] o.s.web.servlet.DispatcherServlet        : Initializing Servlet 'dispatcherServlet'
2021-02-27 12:31:00.830  INFO 13556 --- [http-nio-8095-exec-1] o.s.web.servlet.DispatcherServlet        : Completed initialization in 3 ms
2021-02-27 12:39:27.488  WARN 13556 --- [http-nio-8095-exec-3] o.a.c.util.SessionIdGeneratorBase        : Creation of SecureRandom instance for session ID generation using [SHA1PRNG] took [236] milliseconds.
2021-02-27 12:42:40.341  INFO 13556 --- [RMI TCP Connection(20)-127.0.0.1] inMXBeanRegistrar$SpringApplicationAdmin : Application shutdown requested.
2021-02-27 12:42:40.656  INFO 13556 --- [RMI TCP Connection(20)-127.0.0.1] o.s.s.concurrent.ThreadPoolTaskExecutor  : Shutting down ExecutorService 'applicationTaskExecutor'
2021-02-27 12:42:40.657  INFO 13556 --- [RMI TCP Connection(20)-127.0.0.1] j.LocalContainerEntityManagerFactoryBean : Closing JPA EntityManagerFactory for persistence unit 'default'
2021-02-27 12:42:40.665  INFO 13556 --- [RMI TCP Connection(20)-127.0.0.1] com.zaxxer.hikari.HikariDataSource       : HikariPool-1 - Shutdown initiated...
2021-02-27 12:42:40.673  INFO 13556 --- [RMI TCP Connection(20)-127.0.0.1] com.zaxxer.hikari.HikariDataSource       : HikariPool-1 - Shutdown completed.
